  VisualGDB: Run "C:\Program Files\CMake\bin\cmake.exe -G "Unix Makefiles" -DCMAKE_BUILD_TYPE=RELWITHDEBINFO -DCMAKE_COLOR_MAKEFILE=OFF .. -DCMAKE_TOOLCHAIN_FILE=toolchain-Release.cmake -DCMAKE_MAKE_PROGRAM="C:/SysGCC/Raspberry/bin/make.exe"" in directory "C:\Users\Sky\Desktop\ball_on_plate\OpenCV_raspberry_ball_locating\OpenCV_raspberry_remote_camera_client/Release" on local computer
  -- The C compiler identification is GNU 4.9.2
  -- The CXX compiler identification is GNU 4.9.2
  -- Check for working C compiler: C:/SysGCC/Raspberry/bin/arm-linux-gnueabihf-gcc.exe
  -- Check for working C compiler: C:/SysGCC/Raspberry/bin/arm-linux-gnueabihf-gcc.exe -- works
  -- Detecting C compiler ABI info
  -- Detecting C compiler ABI info - done
  -- Detecting C compile features
  -- Detecting C compile features - done
  -- Check for working CXX compiler: C:/SysGCC/Raspberry/bin/arm-linux-gnueabihf-g++.exe
  -- Check for working CXX compiler: C:/SysGCC/Raspberry/bin/arm-linux-gnueabihf-g++.exe -- works
  -- Detecting CXX compiler ABI info
  -- Detecting CXX compiler ABI info - done
  -- Detecting CXX compile features
  -- Detecting CXX compile features - done
  CMake Error at CMakeLists.txt:10 (find_package):
    By not providing "FindOpenCV.cmake" in CMAKE_MODULE_PATH this project has
    asked CMake to find a package configuration file provided by "OpenCV", but
    CMake did not find one.
  
    Could not find a package configuration file provided by "OpenCV" with any
    of the following names:
  
      OpenCVConfig.cmake
      opencv-config.cmake
  
    Add the installation prefix of "OpenCV" to CMAKE_PREFIX_PATH or set
    "OpenCV_DIR" to a directory containing one of the above files.  If "OpenCV"
    provides a separate development package or SDK, be sure it has been
    installed.
  
  
  -- Configuring incomplete, errors occurred!
  See also "C:/Users/Sky/Desktop/ball_on_plate/OpenCV_raspberry_ball_locating/OpenCV_raspberry_remote_camera_client/Release/CMakeFiles/CMakeOutput.log".
  -------------------------------------------------------------
  Command exited with code 1
  Executable: C:\Program Files\CMake\bin\cmake.exe
  Arguments: -G "Unix Makefiles" -DCMAKE_BUILD_TYPE=RELWITHDEBINFO -DCMAKE_COLOR_MAKEFILE=OFF .. -DCMAKE_TOOLCHAIN_FILE=toolchain-Release.cmake -DCMAKE_MAKE_PROGRAM="C:/SysGCC/Raspberry/bin/make.exe"
  Directory: C:\Users\Sky\Desktop\ball_on_plate\OpenCV_raspberry_ball_locating\OpenCV_raspberry_remote_camera_client/Release
VisualGDB : error : Command-line action failed
EXEC : error : Build has failed. See the Output window for more details.
C:\Program Files (x86)\MSBuild\Microsoft.Cpp\v4.0\V140\Microsoft.MakeFile.Targets(41,5): error MSB3073: 命令“"C:\Program Files (x86)\Sysprogs\VisualGDB\\VisualGDB.exe" /build "C:\Users\Sky\Desktop\ball_on_plate\OpenCV_raspberry_ball_locating\OpenCV_raspberry_remote_camera_client\OpenCVCameraDemo.vcxproj" "/solution:C:\Users\Sky\Desktop\ball_on_plate\OpenCV_raspberry_ball_locating\OpenCV_raspberry_remote_camera.sln" "/config:Release" "/platform:Win32"”已退出，代码为 1。
